17:33:35.428 [main] DEBUG org.testng.TestNG - suiteXmlPath: "C:\eclipse\Workplace\opencart_121\grouping.xml"
17:33:37.908 [main] INFO  testCases.TC001_AccountRegTest - Starting TC001_AccountRegTest
17:33:38.053 [main] INFO  testCases.TC001_AccountRegTest - Clicked on My Account
17:33:38.452 [main] INFO  testCases.TC001_AccountRegTest - Clicked on Register
17:33:38.454 [main] INFO  testCases.TC001_AccountRegTest - Providing the customer details
17:33:39.624 [main] INFO  testCases.TC001_AccountRegTest - Verifying the Conformation Message
17:33:39.714 [main] INFO  testCases.TC001_AccountRegTest - TC001_AccountRegTest Finished
17:33:41.626 [main] INFO  testCases.TC002_Login_Test - ********************** Starting the TC002_LoginTest**********************8
17:33:42.821 [main] INFO  testCases.TC002_Login_Test - Clicked on the Login Button
17:33:43.377 [main] INFO  testCases.TC002_Login_Test - Test Has Been Finished
17:33:43.381 [main] INFO  testCases.TC002_Login_Test - ***************Verifying the  Page Name ****************
17:34:35.374 [main] DEBUG org.testng.TestNG - suiteXmlPath: "C:\eclipse\Workplace\opencart_121\grouping.xml"
17:34:37.986 [main] INFO  testCases.TC001_AccountRegTest - Starting TC001_AccountRegTest
17:34:38.172 [main] INFO  testCases.TC001_AccountRegTest - Clicked on My Account
17:34:38.526 [main] INFO  testCases.TC001_AccountRegTest - Clicked on Register
17:34:38.531 [main] INFO  testCases.TC001_AccountRegTest - Providing the customer details
17:34:39.711 [main] INFO  testCases.TC001_AccountRegTest - Verifying the Conformation Message
17:34:39.824 [main] INFO  testCases.TC001_AccountRegTest - TC001_AccountRegTest Finished
17:34:41.655 [main] INFO  testCases.TC002_Login_Test - ********************** Starting the TC002_LoginTest**********************8
17:34:42.794 [main] INFO  testCases.TC002_Login_Test - Clicked on the Login Button
17:34:43.157 [main] INFO  testCases.TC002_Login_Test - Test Has Been Finished
17:34:43.162 [main] INFO  testCases.TC002_Login_Test - ***************Verifying the  Page Name ****************
11:11:13.906 [main] DEBUG org.testng.TestNG - suiteXmlPath: "C:\eclipse\Workplace\opencart_121\grouping.xml"
11:11:16.911 [main] INFO  testCases.TC001_AccountRegTest - Starting TC001_AccountRegTest
11:11:17.043 [main] INFO  testCases.TC001_AccountRegTest - Clicked on My Account
11:11:17.440 [main] INFO  testCases.TC001_AccountRegTest - Clicked on Register
11:11:17.445 [main] INFO  testCases.TC001_AccountRegTest - Providing the customer details
11:11:18.825 [main] INFO  testCases.TC001_AccountRegTest - Verifying the Conformation Message
11:11:18.885 [main] INFO  testCases.TC001_AccountRegTest - TC001_AccountRegTest Finished
11:11:20.671 [main] INFO  testCases.TC002_Login_Test - ********************** Starting the TC002_LoginTest**********************8
11:11:21.430 [main] INFO  testCases.TC002_Login_Test - Clicked on the Login Button
11:11:22.432 [main] INFO  testCases.TC002_Login_Test - Test Has Been Finished
11:11:22.436 [main] INFO  testCases.TC002_Login_Test - ***************Verifying the  Page Name ****************
12:48:09.339 [main] DEBUG org.testng.TestNG - suiteXmlPath: "C:\eclipse\Workplace\opencart_121\grouping.xml"
12:48:12.467 [main] INFO  testCases.TC001_AccountRegTest - Starting TC001_AccountRegTest
12:48:12.654 [main] INFO  testCases.TC001_AccountRegTest - Clicked on My Account
12:48:13.050 [main] INFO  testCases.TC001_AccountRegTest - Clicked on Register
12:48:13.056 [main] INFO  testCases.TC001_AccountRegTest - Providing the customer details
12:48:14.524 [main] INFO  testCases.TC001_AccountRegTest - Verifying the Conformation Message
12:48:14.572 [main] INFO  testCases.TC001_AccountRegTest - TC001_AccountRegTest Finished
12:48:16.718 [main] INFO  testCases.TC002_Login_Test - ********************** Starting the TC002_LoginTest**********************8
12:48:17.435 [main] INFO  testCases.TC002_Login_Test - Clicked on the Login Button
12:48:18.292 [main] INFO  testCases.TC002_Login_Test - Test Has Been Finished
12:48:18.297 [main] INFO  testCases.TC002_Login_Test - ***************Verifying the  Page Name ****************
13:48:49.497 [main] DEBUG org.testng.TestNG - suiteXmlPath: "C:\eclipse\Workplace\opencart_121\grouping.xml"
13:50:41.930 [main] DEBUG org.testng.TestNG - suiteXmlPath: "C:\eclipse\Workplace\opencart_121\Grid.xml"
13:50:42.283 [main] INFO  org.testng.internal.Utils - [TestNG] Running:
  C:\eclipse\Workplace\opencart_121\Grid.xml

13:50:48.517 [main] INFO  testCases.TC001_AccountRegTest - Starting TC001_AccountRegTest
13:50:49.205 [main] INFO  testCases.TC001_AccountRegTest - Clicked on My Account
13:50:50.767 [main] INFO  testCases.TC001_AccountRegTest - Clicked on Register
13:50:50.771 [main] INFO  testCases.TC001_AccountRegTest - Providing the customer details
13:50:57.014 [main] INFO  testCases.TC001_AccountRegTest - Verifying the Conformation Message
13:50:57.596 [main] INFO  testCases.TC001_AccountRegTest - TC001_AccountRegTest Finished
